Determining if the pthread_create exist failed with the following output:
Change Dir: /home/zoe/epitech/OOP/cococ/OOP_arcade_2019/lib/lib_arcade_opengl/glfw-3.3.2/CMakeFiles/CMakeTmp

Run Build Command:"/usr/bin/gmake" "cmTC_2470c/fast"
/usr/bin/gmake -f CMakeFiles/cmTC_2470c.dir/build.make CMakeFiles/cmTC_2470c.dir/build
gmake[1] : on entre dans le répertoire « /home/zoe/epitech/OOP/cococ/OOP_arcade_2019/lib/lib_arcade_opengl/glfw-3.3.2/CMakeFiles/CMakeTmp »
Building C object CMakeFiles/cmTC_2470c.dir/CheckSymbolExists.c.o
/usr/bin/cc    -o CMakeFiles/cmTC_2470c.dir/CheckSymbolExists.c.o   -c /home/zoe/epitech/OOP/cococ/OOP_arcade_2019/lib/lib_arcade_opengl/glfw-3.3.2/CMakeFiles/CMakeTmp/CheckSymbolExists.c
Linking C executable cmTC_2470c
/usr/bin/cmake -E cmake_link_script CMakeFiles/cmTC_2470c.dir/link.txt --verbose=1
/usr/bin/cc      -rdynamic CMakeFiles/cmTC_2470c.dir/CheckSymbolExists.c.o  -o cmTC_2470c 
CMakeFiles/cmTC_2470c.dir/CheckSymbolExists.c.o : Dans la fonction « main » :
CheckSymbolExists.c:(.text+0x16) : référence indéfinie vers « pthread_create »
collect2: error: ld a retourné le statut de sortie 1
gmake[1]: *** [CMakeFiles/cmTC_2470c.dir/build.make:87: cmTC_2470c] Error 1
gmake[1] : on quitte le répertoire « /home/zoe/epitech/OOP/cococ/OOP_arcade_2019/lib/lib_arcade_opengl/glfw-3.3.2/CMakeFiles/CMakeTmp »
gmake: *** [Makefile:126: cmTC_2470c/fast] Error 2

File /home/zoe/epitech/OOP/cococ/OOP_arcade_2019/lib/lib_arcade_opengl/glfw-3.3.2/CMakeFiles/CMakeTmp/CheckSymbolExists.c:
/* */
#include <pthread.h>

int main(int argc, char** argv)
{
  (void)argv;
#ifndef pthread_create
  return ((int*)(&pthread_create))[argc];
#else
  (void)argc;
  return 0;
#endif
}

Determining if the function pthread_create exists in the pthreads failed with the following output:
Change Dir: /home/zoe/epitech/OOP/cococ/OOP_arcade_2019/lib/lib_arcade_opengl/glfw-3.3.2/CMakeFiles/CMakeTmp

Run Build Command:"/usr/bin/gmake" "cmTC_963ce/fast"
/usr/bin/gmake -f CMakeFiles/cmTC_963ce.dir/build.make CMakeFiles/cmTC_963ce.dir/build
gmake[1] : on entre dans le répertoire « /home/zoe/epitech/OOP/cococ/OOP_arcade_2019/lib/lib_arcade_opengl/glfw-3.3.2/CMakeFiles/CMakeTmp »
Building C object CMakeFiles/cmTC_963ce.dir/CheckFunctionExists.c.o
/usr/bin/cc   -DCHECK_FUNCTION_EXISTS=pthread_create   -o CMakeFiles/cmTC_963ce.dir/CheckFunctionExists.c.o   -c /usr/share/cmake/Modules/CheckFunctionExists.c
Linking C executable cmTC_963ce
/usr/bin/cmake -E cmake_link_script CMakeFiles/cmTC_963ce.dir/link.txt --verbose=1
/usr/bin/cc  -DCHECK_FUNCTION_EXISTS=pthread_create    -rdynamic CMakeFiles/cmTC_963ce.dir/CheckFunctionExists.c.o  -o cmTC_963ce -lpthreads 
/usr/bin/ld : ne peut trouver -lpthreads
collect2: error: ld a retourné le statut de sortie 1
gmake[1]: *** [CMakeFiles/cmTC_963ce.dir/build.make:87: cmTC_963ce] Error 1
gmake[1] : on quitte le répertoire « /home/zoe/epitech/OOP/cococ/OOP_arcade_2019/lib/lib_arcade_opengl/glfw-3.3.2/CMakeFiles/CMakeTmp »
gmake: *** [Makefile:126: cmTC_963ce/fast] Error 2


